# JRE version: OpenJDK Runtime Environment Microsoft-13106358 (17.0.18+8) (build 17.0.18+8-LTS)
# Java VM: OpenJDK 64-Bit Server VM Microsoft-13106358 (17.0.18+8-LTS, mixed mode, sharing, tiered, compressed oops, compressed class ptrs, g1 gc, windows-amd64)
GC Precious Log:
 CPUs: 2 total, 2 available
 Memory: 3908M
 Large Page Support: Disabled
 NUMA Support: Disabled
 Compressed Oops: Enabled (Zero based)
 Heap Region Size: 4M
 Heap Min Capacity: 8M
 Heap Initial Capacity: 64M
 Heap Max Capacity: 8G
 Pre-touch: Disabled
 Parallel Workers: 2
 Concurrent Workers: 1
 Concurrent Refinement Workers: 2
 Periodic GC: Disabled
Heap:
 garbage-first heap   total 2191360K, used 286763K [0x0000000600000000, 0x0000000800000000)
  region size 4096K, 2 young (8192K), 2 survivors (8192K)
 Metaspace       used 118784K, committed 120320K, reserved 1179648K
  class space    used 16067K, committed 16768K, reserved 1048576K
GC Heap History (20 events):
Event: 2669.795 GC heap after
{Heap after GC invocations=105 (full 0):
 garbage-first heap   total 942080K, used 271254K [0x0000000600000000, 0x0000000800000000)
  region size 4096K, 2 young (8192K), 2 survivors (8192K)
 Metaspace       used 118776K, committed 120320K, reserved 1179648K
  class space    used 16067K, committed 16768K, reserved 1048576K
}
Event: 2673.073 GC heap before
{Heap before GC invocations=105 (full 0):
 garbage-first heap   total 942080K, used 308118K [0x0000000600000000, 0x0000000800000000)
  region size 4096K, 11 young (45056K), 2 survivors (8192K)
 Metaspace       used 118776K, committed 120320K, reserved 1179648K
  class space    used 16067K, committed 16768K, reserved 1048576K
}
Event: 2673.120 GC heap after
{Heap after GC invocations=106 (full 0):
 garbage-first heap   total 942080K, used 271507K [0x0000000600000000, 0x0000000800000000)
  region size 4096K, 2 young (8192K), 2 survivors (8192K)
 Metaspace       used 118776K, committed 120320K, reserved 1179648K
  class space    used 16067K, committed 16768K, reserved 1048576K
}
Event: 2675.994 GC heap before
{Heap before GC invocations=106 (full 0):
 garbage-first heap   total 942080K, used 304275K [0x0000000600000000, 0x0000000800000000)
  region size 4096K, 11 young (45056K), 2 survivors (8192K)
 Metaspace       used 118778K, committed 120320K, reserved 1179648K
  class space    used 16067K, committed 16768K, reserved 1048576K
}
Event: 2676.034 GC heap after
{Heap after GC invocations=107 (full 0):
 garbage-first heap   total 942080K, used 270276K [0x0000000600000000, 0x0000000800000000)
  region size 4096K, 2 young (8192K), 2 survivors (8192K)
 Metaspace       used 118778K, committed 120320K, reserved 1179648K
  class space    used 16067K, committed 16768K, reserved 1048576K
}
Event: 2676.687 GC heap before
{Heap before GC invocations=107 (full 0):
 garbage-first heap   total 942080K, used 303044K [0x0000000600000000, 0x0000000800000000)
  region size 4096K, 11 young (45056K), 2 survivors (8192K)
 Metaspace       used 118778K, committed 120320K, reserved 1179648K
  class space    used 16067K, committed 16768K, reserved 1048576K
}
Event: 2676.832 GC heap after
{Heap after GC invocations=108 (full 0):
 garbage-first heap   total 942080K, used 268245K [0x0000000600000000, 0x0000000800000000)
  region size 4096K, 2 young (8192K), 2 survivors (8192K)
 Metaspace       used 118778K, committed 120320K, reserved 1179648K
  class space    used 16067K, committed 16768K, reserved 1048576K
}
Event: 2680.584 GC heap before
{Heap before GC invocations=108 (full 0):
 garbage-first heap   total 942080K, used 301013K [0x0000000600000000, 0x0000000800000000)
  region size 4096K, 11 young (45056K), 2 survivors (8192K)
 Metaspace       used 118780K, committed 120320K, reserved 1179648K
  class space    used 16067K, committed 16768K, reserved 1048576K
}
Event: 2680.784 GC heap after
{Heap after GC invocations=109 (full 0):
 garbage-first heap   total 2191360K, used 273987K [0x0000000600000000, 0x0000000800000000)
  region size 4096K, 2 young (8192K), 2 survivors (8192K)
 Metaspace       used 118780K, committed 120320K, reserved 1179648K
  class space    used 16067K, committed 16768K, reserved 1048576K
}
Event: 2688.167 GC heap before
{Heap before GC invocations=109 (full 0):
 garbage-first heap   total 2191360K, used 384579K [0x0000000600000000, 0x0000000800000000)
  region size 4096K, 30 young (122880K), 2 survivors (8192K)
 Metaspace       used 118783K, committed 120320K, reserved 1179648K
  class space    used 16067K, committed 16768K, reserved 1048576K
}
Event: 2689.641 GC heap after
{Heap after GC invocations=110 (full 0):
 garbage-first heap   total 2191360K, used 284829K [0x0000000600000000, 0x0000000800000000)
  region size 4096K, 4 young (16384K), 4 survivors (16384K)
 Metaspace       used 118783K, committed 120320K, reserved 1179648K
  class space    used 16067K, committed 16768K, reserved 1048576K
}
Event: 2690.419 GC heap before
{Heap before GC invocations=110 (full 0):
 garbage-first heap   total 2191360K, used 374941K [0x0000000600000000, 0x0000000800000000)
  region size 4096K, 26 young (106496K), 4 survivors (16384K)
 Metaspace       used 118783K, committed 120320K, reserved 1179648K
  class space    used 16067K, committed 16768K, reserved 1048576K
}
Event: 2691.992 GC heap after
{Heap after GC invocations=111 (full 0):
 garbage-first heap   total 2191360K, used 287984K [0x0000000600000000, 0x0000000800000000)
  region size 4096K, 1 young (4096K), 1 survivors (4096K)
 Metaspace       used 118783K, committed 120320K, reserved 1179648K
  class space    used 16067K, committed 16768K, reserved 1048576K
}
Event: 2692.768 GC heap before
{Heap before GC invocations=111 (full 0):
 garbage-first heap   total 2191360K, used 390384K [0x0000000600000000, 0x0000000800000000)
  region size 4096K, 26 young (106496K), 1 survivors (4096K)
 Metaspace       used 118783K, committed 120320K, reserved 1179648K
  class space    used 16067K, committed 16768K, reserved 1048576K
}
Event: 2692.858 GC heap after
{Heap after GC invocations=112 (full 0):
 garbage-first heap   total 2191360K, used 287451K [0x0000000600000000, 0x0000000800000000)
  region size 4096K, 1 young (4096K), 1 survivors (4096K)
 Metaspace       used 118783K, committed 120320K, reserved 1179648K
  class space    used 16067K, committed 16768K, reserved 1048576K
}
Event: 2696.658 GC heap before
{Heap before GC invocations=113 (full 0):
 garbage-first heap   total 1040384K, used 389851K [0x0000000600000000, 0x0000000800000000)
  region size 4096K, 26 young (106496K), 1 survivors (4096K)
 Metaspace       used 118784K, committed 120320K, reserved 1179648K
  class space    used 16067K, committed 16768K, reserved 1048576K
}
Event: 2696.670 GC heap after
{Heap after GC invocations=114 (full 0):
 garbage-first heap   total 1040384K, used 288305K [0x0000000600000000, 0x0000000800000000)
  region size 4096K, 1 young (4096K), 1 survivors (4096K)
 Metaspace       used 118784K, committed 120320K, reserved 1179648K
  class space    used 16067K, committed 16768K, reserved 1048576K
}
Event: 2697.162 GC heap before
{Heap before GC invocations=114 (full 0):
 garbage-first heap   total 1040384K, used 333361K [0x0000000600000000, 0x0000000800000000)
  region size 4096K, 12 young (49152K), 1 survivors (4096K)
 Metaspace       used 118784K, committed 120320K, reserved 1179648K
  class space    used 16067K, committed 16768K, reserved 1048576K
}
Event: 2697.579 GC heap after
{Heap after GC invocations=115 (full 0):
 garbage-first heap   total 1040384K, used 288216K [0x0000000600000000, 0x0000000800000000)
  region size 4096K, 1 young (4096K), 1 survivors (4096K)
 Metaspace       used 118784K, committed 120320K, reserved 1179648K
  class space    used 16067K, committed 16768K, reserved 1048576K
}
Event: 2697.779 GC heap before
{Heap before GC invocations=115 (full 0):
 garbage-first heap   total 1040384K, used 333272K [0x0000000600000000, 0x0000000800000000)
  region size 4096K, 12 young (49152K), 1 survivors (4096K)
 Metaspace       used 118784K, committed 120320K, reserved 1179648K
  class space    used 16067K, committed 16768K, reserved 1048576K
}

